# JRE version: OpenJDK Runtime Environment Temurin-21.0.10+7 (21.0.10+7) (build 21.0.10+7-LTS)
# Java VM: OpenJDK 64-Bit Server VM Temurin-21.0.10+7 (21.0.10+7-LTS, mixed mode, sharing, tiered, compressed oops, compressed class ptrs, parallel gc, windows-amd64)
GC Precious Log:
 CardTable entry size: 512
 CPUs: 8 total, 8 available
 Memory: 16027M
 Large Page Support: Disabled
 NUMA Support: Disabled
 Compressed Oops: Enabled (32-bit)
 Alignments: Space 512K, Generation 512K, Heap 2M
 Heap Min Capacity: 100M
 Heap Initial Capacity: 100M
 Heap Max Capacity: 2G
 Pre-touch: Disabled
 Parallel Workers: 8
Heap:
 PSYoungGen      total 19456K, used 8052K [0x00000000d5580000, 0x00000000d6b00000, 0x0000000100000000)
  eden space 18432K, 40% used [0x00000000d5580000,0x00000000d5cc6f18,0x00000000d6780000)
  from space 1024K, 58% used [0x00000000d6900000,0x00000000d69961a8,0x00000000d6a00000)
  to   space 1024K, 0% used [0x00000000d6a00000,0x00000000d6a00000,0x00000000d6b00000)
 ParOldGen       total 68608K, used 43243K [0x0000000080000000, 0x0000000084300000, 0x00000000d5580000)
  object space 68608K, 63% used [0x0000000080000000,0x0000000082a3ae90,0x0000000084300000)
 Metaspace       used 69076K, committed 70592K, reserved 1114112K
  class space    used 8643K, committed 9280K, reserved 1048576K
GC Heap History (20 events):
Event: 239.072 GC heap before
{Heap before GC invocations=41 (full 3):
 PSYoungGen      total 19456K, used 19449K [0x00000000d5580000, 0x00000000d6c00000, 0x0000000100000000)
  eden space 18432K, 100% used [0x00000000d5580000,0x00000000d6780000,0x00000000d6780000)
  from space 1024K, 99% used [0x00000000d6a00000,0x00000000d6afe658,0x00000000d6b00000)
  to   space 1024K, 0% used [0x00000000d6b00000,0x00000000d6b00000,0x00000000d6c00000)
 ParOldGen       total 68608K, used 41419K [0x0000000080000000, 0x0000000084300000, 0x00000000d5580000)
  object space 68608K, 60% used [0x0000000080000000,0x0000000082872d90,0x0000000084300000)
 Metaspace       used 65617K, committed 66880K, reserved 1114112K
  class space    used 8204K, committed 8704K, reserved 1048576K
}
Event: 239.073 GC heap after
{Heap after GC invocations=41 (full 3):
 PSYoungGen      total 19456K, used 759K [0x00000000d5580000, 0x00000000d6c00000, 0x0000000100000000)
  eden space 18432K, 0% used [0x00000000d5580000,0x00000000d5580000,0x00000000d6780000)
  from space 1024K, 74% used [0x00000000d6b00000,0x00000000d6bbdcf8,0x00000000d6c00000)
  to   space 1024K, 0% used [0x00000000d6a00000,0x00000000d6a00000,0x00000000d6b00000)
 ParOldGen       total 68608K, used 41475K [0x0000000080000000, 0x0000000084300000, 0x00000000d5580000)
  object space 68608K, 60% used [0x0000000080000000,0x0000000082880d90,0x0000000084300000)
 Metaspace       used 65617K, committed 66880K, reserved 1114112K
  class space    used 8204K, committed 8704K, reserved 1048576K
}
Event: 239.203 GC heap before
{Heap before GC invocations=42 (full 3):
 PSYoungGen      total 19456K, used 19191K [0x00000000d5580000, 0x00000000d6c00000, 0x0000000100000000)
  eden space 18432K, 100% used [0x00000000d5580000,0x00000000d6780000,0x00000000d6780000)
  from space 1024K, 74% used [0x00000000d6b00000,0x00000000d6bbdcf8,0x00000000d6c00000)
  to   space 1024K, 0% used [0x00000000d6a00000,0x00000000d6a00000,0x00000000d6b00000)
 ParOldGen       total 68608K, used 41475K [0x0000000080000000, 0x0000000084300000, 0x00000000d5580000)
  object space 68608K, 60% used [0x0000000080000000,0x0000000082880d90,0x0000000084300000)
 Metaspace       used 65618K, committed 66880K, reserved 1114112K
  class space    used 8204K, committed 8704K, reserved 1048576K
}
Event: 239.203 GC heap after
{Heap after GC invocations=42 (full 3):
 PSYoungGen      total 19456K, used 192K [0x00000000d5580000, 0x00000000d6b80000, 0x0000000100000000)
  eden space 18432K, 0% used [0x00000000d5580000,0x00000000d5580000,0x00000000d6780000)
  from space 1024K, 18% used [0x00000000d6a00000,0x00000000d6a30000,0x00000000d6b00000)
  to   space 512K, 0% used [0x00000000d6b00000,0x00000000d6b00000,0x00000000d6b80000)
 ParOldGen       total 68608K, used 41499K [0x0000000080000000, 0x0000000084300000, 0x00000000d5580000)
  object space 68608K, 60% used [0x0000000080000000,0x0000000082886d90,0x0000000084300000)
 Metaspace       used 65618K, committed 66880K, reserved 1114112K
  class space    used 8204K, committed 8704K, reserved 1048576K
}
Event: 239.309 GC heap before
{Heap before GC invocations=43 (full 3):
 PSYoungGen      total 19456K, used 18624K [0x00000000d5580000, 0x00000000d6b80000, 0x0000000100000000)
  eden space 18432K, 100% used [0x00000000d5580000,0x00000000d6780000,0x00000000d6780000)
  from space 1024K, 18% used [0x00000000d6a00000,0x00000000d6a30000,0x00000000d6b00000)
  to   space 512K, 0% used [0x00000000d6b00000,0x00000000d6b00000,0x00000000d6b80000)
 ParOldGen       total 68608K, used 41499K [0x0000000080000000, 0x0000000084300000, 0x00000000d5580000)
  object space 68608K, 60% used [0x0000000080000000,0x0000000082886d90,0x0000000084300000)
 Metaspace       used 65618K, committed 66880K, reserved 1114112K
  class space    used 8204K, committed 8704K, reserved 1048576K
}
Event: 239.310 GC heap after
{Heap after GC invocations=43 (full 3):
 PSYoungGen      total 18944K, used 506K [0x00000000d5580000, 0x00000000d6b80000, 0x0000000100000000)
  eden space 18432K, 0% used [0x00000000d5580000,0x00000000d5580000,0x00000000d6780000)
  from space 512K, 98% used [0x00000000d6b00000,0x00000000d6b7ea18,0x00000000d6b80000)
  to   space 1024K, 0% used [0x00000000d6980000,0x00000000d6980000,0x00000000d6a80000)
 ParOldGen       total 68608K, used 41691K [0x0000000080000000, 0x0000000084300000, 0x00000000d5580000)
  object space 68608K, 60% used [0x0000000080000000,0x00000000828b6c68,0x0000000084300000)
 Metaspace       used 65618K, committed 66880K, reserved 1114112K
  class space    used 8204K, committed 8704K, reserved 1048576K
}
Event: 239.562 GC heap before
{Heap before GC invocations=44 (full 3):
 PSYoungGen      total 18944K, used 18938K [0x00000000d5580000, 0x00000000d6b80000, 0x0000000100000000)
  eden space 18432K, 100% used [0x00000000d5580000,0x00000000d6780000,0x00000000d6780000)
  from space 512K, 98% used [0x00000000d6b00000,0x00000000d6b7ea18,0x00000000d6b80000)
  to   space 1024K, 0% used [0x00000000d6980000,0x00000000d6980000,0x00000000d6a80000)
 ParOldGen       total 68608K, used 41691K [0x0000000080000000, 0x0000000084300000, 0x00000000d5580000)
  object space 68608K, 60% used [0x0000000080000000,0x00000000828b6c68,0x0000000084300000)
 Metaspace       used 65618K, committed 66880K, reserved 1114112K
  class space    used 8204K, committed 8704K, reserved 1048576K
}
Event: 239.563 GC heap after
{Heap after GC invocations=44 (full 3):
 PSYoungGen      total 19456K, used 1012K [0x00000000d5580000, 0x00000000d6b80000, 0x0000000100000000)
  eden space 18432K, 0% used [0x00000000d5580000,0x00000000d5580000,0x00000000d6780000)
  from space 1024K, 98% used [0x00000000d6980000,0x00000000d6a7d108,0x00000000d6a80000)
  to   space 1024K, 0% used [0x00000000d6a80000,0x00000000d6a80000,0x00000000d6b80000)
 ParOldGen       total 68608K, used 41851K [0x0000000080000000, 0x0000000084300000, 0x00000000d5580000)
  object space 68608K, 61% used [0x0000000080000000,0x00000000828ded40,0x0000000084300000)
 Metaspace       used 65618K, committed 66880K, reserved 1114112K
  class space    used 8204K, committed 8704K, reserved 1048576K
}
Event: 239.690 GC heap before
{Heap before GC invocations=45 (full 3):
 PSYoungGen      total 19456K, used 19444K [0x00000000d5580000, 0x00000000d6b80000, 0x0000000100000000)
  eden space 18432K, 100% used [0x00000000d5580000,0x00000000d6780000,0x00000000d6780000)
  from space 1024K, 98% used [0x00000000d6980000,0x00000000d6a7d108,0x00000000d6a80000)
  to   space 1024K, 0% used [0x00000000d6a80000,0x00000000d6a80000,0x00000000d6b80000)
 ParOldGen       total 68608K, used 41851K [0x0000000080000000, 0x0000000084300000, 0x00000000d5580000)
  object space 68608K, 61% used [0x0000000080000000,0x00000000828ded40,0x0000000084300000)
 Metaspace       used 65618K, committed 66880K, reserved 1114112K
  class space    used 8204K, committed 8704K, reserved 1048576K
}
Event: 239.691 GC heap after
{Heap after GC invocations=45 (full 3):
 PSYoungGen      total 19456K, used 841K [0x00000000d5580000, 0x00000000d6b80000, 0x0000000100000000)
  eden space 18432K, 0% used [0x00000000d5580000,0x00000000d5580000,0x00000000d6780000)
  from space 1024K, 82% used [0x00000000d6a80000,0x00000000d6b52478,0x00000000d6b80000)
  to   space 1024K, 0% used [0x00000000d6980000,0x00000000d6980000,0x00000000d6a80000)
 ParOldGen       total 68608K, used 41907K [0x0000000080000000, 0x0000000084300000, 0x00000000d5580000)
  object space 68608K, 61% used [0x0000000080000000,0x00000000828ecd40,0x0000000084300000)
 Metaspace       used 65618K, committed 66880K, reserved 1114112K
  class space    used 8204K, committed 8704K, reserved 1048576K
}
Event: 239.912 GC heap before
{Heap before GC invocations=46 (full 3):
 PSYoungGen      total 19456K, used 19273K [0x00000000d5580000, 0x00000000d6b80000, 0x0000000100000000)
  eden space 18432K, 100% used [0x00000000d5580000,0x00000000d6780000,0x00000000d6780000)
  from space 1024K, 82% used [0x00000000d6a80000,0x00000000d6b52478,0x00000000d6b80000)
  to   space 1024K, 0% used [0x00000000d6980000,0x00000000d6980000,0x00000000d6a80000)
 ParOldGen       total 68608K, used 41907K [0x0000000080000000, 0x0000000084300000, 0x00000000d5580000)
  object space 68608K, 61% used [0x0000000080000000,0x00000000828ecd40,0x0000000084300000)
 Metaspace       used 66258K, committed 67648K, reserved 1114112K
  class space    used 8307K, committed 8896K, reserved 1048576K
}
Event: 239.913 GC heap after
{Heap after GC invocations=46 (full 3):
 PSYoungGen      total 19456K, used 256K [0x00000000d5580000, 0x00000000d6b00000, 0x0000000100000000)
  eden space 18432K, 0% used [0x00000000d5580000,0x00000000d5580000,0x00000000d6780000)
  from space 1024K, 25% used [0x00000000d6980000,0x00000000d69c0000,0x00000000d6a80000)
  to   space 512K, 0% used [0x00000000d6a80000,0x00000000d6a80000,0x00000000d6b00000)
 ParOldGen       total 68608K, used 41923K [0x0000000080000000, 0x0000000084300000, 0x00000000d5580000)
  object space 68608K, 61% used [0x0000000080000000,0x00000000828f0d40,0x0000000084300000)
 Metaspace       used 66258K, committed 67648K, reserved 1114112K
  class space    used 8307K, committed 8896K, reserved 1048576K
}
Event: 298.913 GC heap before
{Heap before GC invocations=47 (full 3):
 PSYoungGen      total 19456K, used 18688K [0x00000000d5580000, 0x00000000d6b00000, 0x0000000100000000)
  eden space 18432K, 100% used [0x00000000d5580000,0x00000000d6780000,0x00000000d6780000)
  from space 1024K, 25% used [0x00000000d6980000,0x00000000d69c0000,0x00000000d6a80000)
  to   space 512K, 0% used [0x00000000d6a80000,0x00000000d6a80000,0x00000000d6b00000)
 ParOldGen       total 68608K, used 41923K [0x0000000080000000, 0x0000000084300000, 0x00000000d5580000)
  object space 68608K, 61% used [0x0000000080000000,0x00000000828f0d40,0x0000000084300000)
 Metaspace       used 67283K, committed 68608K, reserved 1114112K
  class space    used 8406K, committed 8960K, reserved 1048576K
}
Event: 298.914 GC heap after
{Heap after GC invocations=47 (full 3):
 PSYoungGen      total 18944K, used 384K [0x00000000d5580000, 0x00000000d6b00000, 0x0000000100000000)
  eden space 18432K, 0% used [0x00000000d5580000,0x00000000d5580000,0x00000000d6780000)
  from space 512K, 75% used [0x00000000d6a80000,0x00000000d6ae0000,0x00000000d6b00000)
  to   space 512K, 0% used [0x00000000d6a00000,0x00000000d6a00000,0x00000000d6a80000)
 ParOldGen       total 68608K, used 42099K [0x0000000080000000, 0x0000000084300000, 0x00000000d5580000)
  object space 68608K, 61% used [0x0000000080000000,0x000000008291cd40,0x0000000084300000)
 Metaspace       used 67283K, committed 68608K, reserved 1114112K
  class space    used 8406K, committed 8960K, reserved 1048576K
}
Event: 301.302 GC heap before
{Heap before GC invocations=48 (full 3):
 PSYoungGen      total 18944K, used 18796K [0x00000000d5580000, 0x00000000d6b00000, 0x0000000100000000)
  eden space 18432K, 99% used [0x00000000d5580000,0x00000000d677b1c8,0x00000000d6780000)
  from space 512K, 75% used [0x00000000d6a80000,0x00000000d6ae0000,0x00000000d6b00000)
  to   space 512K, 0% used [0x00000000d6a00000,0x00000000d6a00000,0x00000000d6a80000)
 ParOldGen       total 68608K, used 42099K [0x0000000080000000, 0x0000000084300000, 0x00000000d5580000)
  object space 68608K, 61% used [0x0000000080000000,0x000000008291cd40,0x0000000084300000)
 Metaspace       used 68035K, committed 69376K, reserved 1114112K
  class space    used 8526K, committed 9088K, reserved 1048576K
}
Event: 301.304 GC heap after
{Heap after GC invocations=48 (full 3):
 PSYoungGen      total 18944K, used 504K [0x00000000d5580000, 0x00000000d6b00000, 0x0000000100000000)
  eden space 18432K, 0% used [0x00000000d5580000,0x00000000d5580000,0x00000000d6780000)
  from space 512K, 98% used [0x00000000d6a00000,0x00000000d6a7e020,0x00000000d6a80000)
  to   space 512K, 0% used [0x00000000d6a80000,0x00000000d6a80000,0x00000000d6b00000)
 ParOldGen       total 68608K, used 42675K [0x0000000080000000, 0x0000000084300000, 0x00000000d5580000)
  object space 68608K, 62% used [0x0000000080000000,0x00000000829ace80,0x0000000084300000)
 Metaspace       used 68035K, committed 69376K, reserved 1114112K
  class space    used 8526K, committed 9088K, reserved 1048576K
}
Event: 302.643 GC heap before
{Heap before GC invocations=49 (full 3):
 PSYoungGen      total 18944K, used 18936K [0x00000000d5580000, 0x00000000d6b00000, 0x0000000100000000)
  eden space 18432K, 100% used [0x00000000d5580000,0x00000000d6780000,0x00000000d6780000)
  from space 512K, 98% used [0x00000000d6a00000,0x00000000d6a7e020,0x00000000d6a80000)
  to   space 512K, 0% used [0x00000000d6a80000,0x00000000d6a80000,0x00000000d6b00000)
 ParOldGen       total 68608K, used 42675K [0x0000000080000000, 0x0000000084300000, 0x00000000d5580000)
  object space 68608K, 62% used [0x0000000080000000,0x00000000829ace80,0x0000000084300000)
 Metaspace       used 68157K, committed 69504K, reserved 1114112K
  class space    used 8541K, committed 9088K, reserved 1048576K
}
Event: 302.644 GC heap after
{Heap after GC invocations=49 (full 3):
 PSYoungGen      total 18944K, used 432K [0x00000000d5580000, 0x00000000d6b00000, 0x0000000100000000)
  eden space 18432K, 0% used [0x00000000d5580000,0x00000000d5580000,0x00000000d6780000)
  from space 512K, 84% used [0x00000000d6a80000,0x00000000d6aec010,0x00000000d6b00000)
  to   space 1024K, 0% used [0x00000000d6900000,0x00000000d6900000,0x00000000d6a00000)
 ParOldGen       total 68608K, used 43107K [0x0000000080000000, 0x0000000084300000, 0x00000000d5580000)
  object space 68608K, 62% used [0x0000000080000000,0x0000000082a18e90,0x0000000084300000)
 Metaspace       used 68157K, committed 69504K, reserved 1114112K
  class space    used 8541K, committed 9088K, reserved 1048576K
}
Event: 307.518 GC heap before
{Heap before GC invocations=50 (full 3):
 PSYoungGen      total 18944K, used 18864K [0x00000000d5580000, 0x00000000d6b00000, 0x0000000100000000)
  eden space 18432K, 100% used [0x00000000d5580000,0x00000000d6780000,0x00000000d6780000)
  from space 512K, 84% used [0x00000000d6a80000,0x00000000d6aec010,0x00000000d6b00000)
  to   space 1024K, 0% used [0x00000000d6900000,0x00000000d6900000,0x00000000d6a00000)
 ParOldGen       total 68608K, used 43107K [0x0000000080000000, 0x0000000084300000, 0x00000000d5580000)
  object space 68608K, 62% used [0x0000000080000000,0x0000000082a18e90,0x0000000084300000)
 Metaspace       used 68725K, committed 70144K, reserved 1114112K
  class space    used 8605K, committed 9216K, reserved 1048576K
}
Event: 307.519 GC heap after
{Heap after GC invocations=50 (full 3):
 PSYoungGen      total 19456K, used 600K [0x00000000d5580000, 0x00000000d6b00000, 0x0000000100000000)
  eden space 18432K, 0% used [0x00000000d5580000,0x00000000d5580000,0x00000000d6780000)
  from space 1024K, 58% used [0x00000000d6900000,0x00000000d69961a8,0x00000000d6a00000)
  to   space 1024K, 0% used [0x00000000d6a00000,0x00000000d6a00000,0x00000000d6b00000)
 ParOldGen       total 68608K, used 43243K [0x0000000080000000, 0x0000000084300000, 0x00000000d5580000)
  object space 68608K, 63% used [0x0000000080000000,0x0000000082a3ae90,0x0000000084300000)
 Metaspace       used 68725K, committed 70144K, reserved 1114112K
  class space    used 8605K, committed 9216K, reserved 1048576K
}

